
> dorjea-dashboard@0.1.0 build
> node scripts/next-build.cjs

⚠ `eslint` configuration in next.config.ts is no longer supported. See more info here: https://nextjs.org/docs/app/api-reference/cli/next#next-lint-options
⚠ Invalid next.config.ts options detected: 
⚠     Unrecognized key(s) in object: 'eslint'
⚠ See more info here: https://nextjs.org/docs/messages/invalid-next-config
▲ Next.js 16.2.3 (webpack)
- Experiments (use with caution):
  · cpus: 1
  · staticGenerationMaxConcurrency: 1
  · staticGenerationMinPagesPerWorker: 1000
  ⨯ webpackBuildWorker

  Creating an optimized production build ...
✓ Compiled successfully in 39.9s
  Skipping validation of types

  We detected TypeScript in your project and reconfigured your tsconfig.json file for you. Strict-mode is set to false by default.
  The following suggested values were added to your tsconfig.json. These values can be changed to fit your project's needs:

  	- include was updated to add '.next-build-1779170414876/types/**/*.ts'
  	- include was updated to add '.next-build-1779170414876/dev/types/**/*.ts'

  Finished TypeScript config validation in 14ms ...
  Collecting page data using 1 worker ...

> Build error occurred
Error: spawn EPERM
    at ignore-listed frames {
  errno: -4048,
  code: 'EPERM',
  syscall: 'spawn'
}

